2024-12-05 10:27:53.561  INFO 16168 --- [restartedMain] com.jbk.CampusDriveProjectApplication    : Starting CampusDriveProjectApplication using Java 22.0.1 on DESKTOP-R376V0Q with PID 16168 (D:\Downlods\Campus_Drive_Project\target\classes started by Admin in D:\Downlods\Campus_Drive_Project)
2024-12-05 10:27:53.586  INFO 16168 --- [restartedMain] com.jbk.CampusDriveProjectApplication    : No active profile set, falling back to 1 default profile: "default"
2024-12-05 10:27:53.925  INFO 16168 --- [restartedMain] .e.DevToolsPropertyDefaultsPostProcessor : Devtools property defaults active! Set 'spring.devtools.add-properties' to 'false' to disable
2024-12-05 10:27:53.929  INFO 16168 --- [restartedMain] .e.DevToolsPropertyDefaultsPostProcessor : For additional web related logging consider setting the 'logging.level.web' property to 'DEBUG'
2024-12-05 10:27:56.769  INFO 16168 --- [restartedMain] .s.d.r.c.RepositoryConfigurationDelegate : Bootstrapping Spring Data JPA repositories in DEFAULT mode.
2024-12-05 10:27:56.914  INFO 16168 --- [restartedMain] .s.d.r.c.RepositoryConfigurationDelegate : Finished Spring Data repository scanning in 89 ms. Found 0 JPA repository interfaces.
2024-12-05 10:28:00.169  INFO 16168 --- [restartedMain] o.s.b.w.embedded.tomcat.TomcatWebServer  : Tomcat initialized with port(s): 8091 (http)
2024-12-05 10:28:00.208  INFO 16168 --- [restartedMain] o.apache.catalina.core.StandardService   : Starting service [Tomcat]
2024-12-05 10:28:00.227  INFO 16168 --- [restartedMain] org.apache.catalina.core.StandardEngine  : Starting Servlet engine: [Apache Tomcat/9.0.82]
2024-12-05 10:28:00.562  INFO 16168 --- [restartedMain] o.a.c.c.C.[Tomcat].[localhost].[/]       : Initializing Spring embedded WebApplicationContext
2024-12-05 10:28:00.564  INFO 16168 --- [restartedMain] w.s.c.ServletWebServerApplicationContext : Root WebApplicationContext: initialization completed in 6628 ms
2024-12-05 10:28:01.286  INFO 16168 --- [restartedMain] o.hibernate.jpa.internal.util.LogHelper  : HHH000204: Processing PersistenceUnitInfo [name: default]
2024-12-05 10:28:01.503  INFO 16168 --- [restartedMain] org.hibernate.Version                    : HHH000412: Hibernate ORM core version 5.6.15.Final
2024-12-05 10:28:02.143  INFO 16168 --- [restartedMain] o.hibernate.annotations.common.Version   : HCANN000001: Hibernate Commons Annotations {5.1.2.Final}
2024-12-05 10:28:02.526  INFO 16168 --- [restartedMain] com.zaxxer.hikari.HikariDataSource       : HikariPool-1 - Starting...
2024-12-05 10:28:03.767  INFO 16168 --- [restartedMain] com.zaxxer.hikari.HikariDataSource       : HikariPool-1 - Start completed.
2024-12-05 10:28:03.847  INFO 16168 --- [restartedMain] org.hibernate.dialect.Dialect            : HHH000400: Using dialect: org.hibernate.dialect.MySQL8Dialect
2024-12-05 10:28:06.207  INFO 16168 --- [restartedMain] o.h.e.t.j.p.i.JtaPlatformInitiator       : HHH000490: Using JtaPlatform implementation: [org.hibernate.engine.transaction.jta.platform.internal.NoJtaPlatform]
2024-12-05 10:28:06.233  INFO 16168 --- [restartedMain] j.LocalContainerEntityManagerFactoryBean : Initialized JPA EntityManagerFactory for persistence unit 'default'
2024-12-05 10:28:06.450  WARN 16168 --- [restartedMain] ConfigServletWebServerApplicationContext : Exception encountered during context initialization - cancelling refresh attempt: org.springframework.beans.factory.UnsatisfiedDependencyException: Error creating bean with name 'interviewStatusController': Unsatisfied dependency expressed through field 'interviewstatusserviseinterface'; nested exception is org.springframework.beans.factory.NoSuchBeanDefinitionException: No qualifying bean of type 'com.jbk.services.InterviewStatusServiceInterface' available: expected at least 1 bean which qualifies as autowire candidate. Dependency annotations: {@org.springframework.beans.factory.annotation.Autowired(required=true)}
2024-12-05 10:28:06.470  INFO 16168 --- [restartedMain] j.LocalContainerEntityManagerFactoryBean : Closing JPA EntityManagerFactory for persistence unit 'default'
2024-12-05 10:28:06.491  INFO 16168 --- [restartedMain] com.zaxxer.hikari.HikariDataSource       : HikariPool-1 - Shutdown initiated...
2024-12-05 10:28:06.544  INFO 16168 --- [restartedMain] com.zaxxer.hikari.HikariDataSource       : HikariPool-1 - Shutdown completed.
2024-12-05 10:28:06.558  INFO 16168 --- [restartedMain] o.apache.catalina.core.StandardService   : Stopping service [Tomcat]
2024-12-05 10:28:06.607  INFO 16168 --- [restartedMain] ConditionEvaluationReportLoggingListener : 

Error starting ApplicationContext. To display the conditions report re-run your application with 'debug' enabled.
2024-12-05 10:28:06.704 ERROR 16168 --- [restartedMain] o.s.b.d.LoggingFailureAnalysisReporter   : 

***************************
APPLICATION FAILED TO START
***************************

Description:

Field interviewstatusserviseinterface in com.jbk.controller.InterviewStatusController required a bean of type 'com.jbk.services.InterviewStatusServiceInterface' that could not be found.

The injection point has the following annotations:
	- @org.springframework.beans.factory.annotation.Autowired(required=true)


Action:

Consider defining a bean of type 'com.jbk.services.InterviewStatusServiceInterface' in your configuration.

2024-12-05 10:29:06.545  INFO 8888 --- [restartedMain] com.jbk.CampusDriveProjectApplication    : Starting CampusDriveProjectApplication using Java 22.0.1 on DESKTOP-R376V0Q with PID 8888 (D:\Downlods\Campus_Drive_Project\target\classes started by Admin in D:\Downlods\Campus_Drive_Project)
2024-12-05 10:29:06.551  INFO 8888 --- [restartedMain] com.jbk.CampusDriveProjectApplication    : No active profile set, falling back to 1 default profile: "default"
2024-12-05 10:29:06.756  INFO 8888 --- [restartedMain] .e.DevToolsPropertyDefaultsPostProcessor : Devtools property defaults active! Set 'spring.devtools.add-properties' to 'false' to disable
2024-12-05 10:29:06.759  INFO 8888 --- [restartedMain] .e.DevToolsPropertyDefaultsPostProcessor : For additional web related logging consider setting the 'logging.level.web' property to 'DEBUG'
2024-12-05 10:29:09.387  INFO 8888 --- [restartedMain] .s.d.r.c.RepositoryConfigurationDelegate : Bootstrapping Spring Data JPA repositories in DEFAULT mode.
2024-12-05 10:29:09.506  INFO 8888 --- [restartedMain] .s.d.r.c.RepositoryConfigurationDelegate : Finished Spring Data repository scanning in 59 ms. Found 0 JPA repository interfaces.
2024-12-05 10:29:12.527  INFO 8888 --- [restartedMain] o.s.b.w.embedded.tomcat.TomcatWebServer  : Tomcat initialized with port(s): 8091 (http)
2024-12-05 10:29:12.579  INFO 8888 --- [restartedMain] o.apache.catalina.core.StandardService   : Starting service [Tomcat]
2024-12-05 10:29:12.583  INFO 8888 --- [restartedMain] org.apache.catalina.core.StandardEngine  : Starting Servlet engine: [Apache Tomcat/9.0.82]
2024-12-05 10:29:12.926  INFO 8888 --- [restartedMain] o.a.c.c.C.[Tomcat].[localhost].[/]       : Initializing Spring embedded WebApplicationContext
2024-12-05 10:29:12.928  INFO 8888 --- [restartedMain] w.s.c.ServletWebServerApplicationContext : Root WebApplicationContext: initialization completed in 6166 ms
2024-12-05 10:29:13.560  INFO 8888 --- [restartedMain] o.hibernate.jpa.internal.util.LogHelper  : HHH000204: Processing PersistenceUnitInfo [name: default]
2024-12-05 10:29:13.769  INFO 8888 --- [restartedMain] org.hibernate.Version                    : HHH000412: Hibernate ORM core version 5.6.15.Final
2024-12-05 10:29:14.319  INFO 8888 --- [restartedMain] o.hibernate.annotations.common.Version   : HCANN000001: Hibernate Commons Annotations {5.1.2.Final}
2024-12-05 10:29:14.655  INFO 8888 --- [restartedMain] com.zaxxer.hikari.HikariDataSource       : HikariPool-1 - Starting...
2024-12-05 10:29:15.989  INFO 8888 --- [restartedMain] com.zaxxer.hikari.HikariDataSource       : HikariPool-1 - Start completed.
2024-12-05 10:29:16.071  INFO 8888 --- [restartedMain] org.hibernate.dialect.Dialect            : HHH000400: Using dialect: org.hibernate.dialect.MySQL8Dialect
2024-12-05 10:29:18.514  INFO 8888 --- [restartedMain] o.h.e.t.j.p.i.JtaPlatformInitiator       : HHH000490: Using JtaPlatform implementation: [org.hibernate.engine.transaction.jta.platform.internal.NoJtaPlatform]
2024-12-05 10:29:18.544  INFO 8888 --- [restartedMain] j.LocalContainerEntityManagerFactoryBean : Initialized JPA EntityManagerFactory for persistence unit 'default'
2024-12-05 10:29:19.278  WARN 8888 --- [restartedMain] JpaBaseConfiguration$JpaWebConfiguration : spring.jpa.open-in-view is enabled by default. Therefore, database queries may be performed during view rendering. Explicitly configure spring.jpa.open-in-view to disable this warning
2024-12-05 10:29:21.240  INFO 8888 --- [restartedMain] o.s.b.d.a.OptionalLiveReloadServer       : LiveReload server is running on port 35729
2024-12-05 10:29:21.377  INFO 8888 --- [restartedMain] o.s.b.w.embedded.tomcat.TomcatWebServer  : Tomcat started on port(s): 8091 (http) with context path ''
2024-12-05 10:29:21.436  INFO 8888 --- [restartedMain] com.jbk.CampusDriveProjectApplication    : Started CampusDriveProjectApplication in 16.564 seconds (JVM running for 18.725)
2024-12-05 10:29:27.676  INFO 8888 --- [http-nio-8091-exec-1] o.a.c.c.C.[Tomcat].[localhost].[/]       : Initializing Spring DispatcherServlet 'dispatcherServlet'
2024-12-05 10:29:27.677  INFO 8888 --- [http-nio-8091-exec-1] o.s.web.servlet.DispatcherServlet        : Initializing Servlet 'dispatcherServlet'
2024-12-05 10:29:27.685  INFO 8888 --- [http-nio-8091-exec-1] o.s.web.servlet.DispatcherServlet        : Completed initialization in 7 ms
2024-12-05 10:29:28.567  INFO 8888 --- [http-nio-8091-exec-1] com.jbk.aspects.LoginTimeAspects         : Excecution time :216
2024-12-05 10:30:04.327  INFO 8888 --- [http-nio-8091-exec-3] com.jbk.aspects.LoginTimeAspects         : Excecution time :8
2024-12-05 10:34:42.980  INFO 8888 --- [http-nio-8091-exec-6] com.jbk.aspects.LoginTimeAspects         : Excecution time :12
2024-12-05 10:34:51.299  INFO 8888 --- [http-nio-8091-exec-7] com.jbk.aspects.LoginTimeAspects         : Excecution time :9
2024-12-05 10:36:03.851  INFO 8888 --- [File Watcher] rtingClassPathChangeChangedEventListener : Restarting due to 1 class path change (0 additions, 0 deletions, 1 modification)
2024-12-05 10:36:03.868  INFO 8888 --- [Thread-5] o.apache.catalina.core.StandardService   : Stopping service [Tomcat]
2024-12-05 10:36:03.871  INFO 8888 --- [Thread-5] o.a.c.c.C.[Tomcat].[localhost].[/]       : Destroying Spring FrameworkServlet 'dispatcherServlet'
2024-12-05 10:36:03.894  INFO 8888 --- [Thread-5] j.LocalContainerEntityManagerFactoryBean : Closing JPA EntityManagerFactory for persistence unit 'default'
2024-12-05 10:36:03.905  INFO 8888 --- [Thread-5] com.zaxxer.hikari.HikariDataSource       : HikariPool-1 - Shutdown initiated...
2024-12-05 10:36:03.946  INFO 8888 --- [Thread-5] com.zaxxer.hikari.HikariDataSource       : HikariPool-1 - Shutdown completed.
2024-12-05 10:36:04.298  INFO 8888 --- [restartedMain] com.jbk.CampusDriveProjectApplication    : Starting CampusDriveProjectApplication using Java 22.0.1 on DESKTOP-R376V0Q with PID 8888 (D:\Downlods\Campus_Drive_Project\target\classes started by Admin in D:\Downlods\Campus_Drive_Project)
2024-12-05 10:36:04.301  INFO 8888 --- [restartedMain] com.jbk.CampusDriveProjectApplication    : No active profile set, falling back to 1 default profile: "default"
2024-12-05 10:36:05.409  INFO 8888 --- [restartedMain] .s.d.r.c.RepositoryConfigurationDelegate : Bootstrapping Spring Data JPA repositories in DEFAULT mode.
2024-12-05 10:36:05.477  INFO 8888 --- [restartedMain] .s.d.r.c.RepositoryConfigurationDelegate : Finished Spring Data repository scanning in 58 ms. Found 0 JPA repository interfaces.
2024-12-05 10:36:06.421  INFO 8888 --- [restartedMain] o.s.b.w.embedded.tomcat.TomcatWebServer  : Tomcat initialized with port(s): 8091 (http)
2024-12-05 10:36:06.428  INFO 8888 --- [restartedMain] o.apache.catalina.core.StandardService   : Starting service [Tomcat]
2024-12-05 10:36:06.430  INFO 8888 --- [restartedMain] org.apache.catalina.core.StandardEngine  : Starting Servlet engine: [Apache Tomcat/9.0.82]
2024-12-05 10:36:06.520  INFO 8888 --- [restartedMain] o.a.c.c.C.[Tomcat].[localhost].[/]       : Initializing Spring embedded WebApplicationContext
2024-12-05 10:36:06.521  INFO 8888 --- [restartedMain] w.s.c.ServletWebServerApplicationContext : Root WebApplicationContext: initialization completed in 2201 ms
2024-12-05 10:36:06.736  INFO 8888 --- [restartedMain] o.hibernate.jpa.internal.util.LogHelper  : HHH000204: Processing PersistenceUnitInfo [name: default]
2024-12-05 10:36:06.759  INFO 8888 --- [restartedMain] com.zaxxer.hikari.HikariDataSource       : HikariPool-2 - Starting...
2024-12-05 10:36:07.001  INFO 8888 --- [restartedMain] com.zaxxer.hikari.HikariDataSource       : HikariPool-2 - Start completed.
2024-12-05 10:36:07.002  INFO 8888 --- [restartedMain] org.hibernate.dialect.Dialect            : HHH000400: Using dialect: org.hibernate.dialect.MySQL8Dialect
2024-12-05 10:36:07.860  INFO 8888 --- [restartedMain] o.h.e.t.j.p.i.JtaPlatformInitiator       : HHH000490: Using JtaPlatform implementation: [org.hibernate.engine.transaction.jta.platform.internal.NoJtaPlatform]
2024-12-05 10:36:07.862  INFO 8888 --- [restartedMain] j.LocalContainerEntityManagerFactoryBean : Initialized JPA EntityManagerFactory for persistence unit 'default'
2024-12-05 10:36:08.225  WARN 8888 --- [restartedMain] JpaBaseConfiguration$JpaWebConfiguration : spring.jpa.open-in-view is enabled by default. Therefore, database queries may be performed during view rendering. Explicitly configure spring.jpa.open-in-view to disable this warning
2024-12-05 10:36:09.115  INFO 8888 --- [restartedMain] o.s.b.d.a.OptionalLiveReloadServer       : LiveReload server is running on port 35729
2024-12-05 10:36:09.160  INFO 8888 --- [restartedMain] o.s.b.w.embedded.tomcat.TomcatWebServer  : Tomcat started on port(s): 8091 (http) with context path ''
2024-12-05 10:36:09.190  INFO 8888 --- [restartedMain] com.jbk.CampusDriveProjectApplication    : Started CampusDriveProjectApplication in 5.071 seconds (JVM running for 426.48)
2024-12-05 10:36:09.197  INFO 8888 --- [restartedMain] .ConditionEvaluationDeltaLoggingListener : Condition evaluation unchanged
2024-12-05 10:36:17.216  INFO 8888 --- [http-nio-8091-exec-2] o.a.c.c.C.[Tomcat].[localhost].[/]       : Initializing Spring DispatcherServlet 'dispatcherServlet'
2024-12-05 10:36:17.217  INFO 8888 --- [http-nio-8091-exec-2] o.s.web.servlet.DispatcherServlet        : Initializing Servlet 'dispatcherServlet'
2024-12-05 10:36:17.219  INFO 8888 --- [http-nio-8091-exec-2] o.s.web.servlet.DispatcherServlet        : Completed initialization in 1 ms
2024-12-05 10:36:17.322  INFO 8888 --- [http-nio-8091-exec-2] com.jbk.aspects.LoginTimeAspects         : Excecution time :53
2024-12-05 10:36:20.055  INFO 8888 --- [http-nio-8091-exec-3] com.jbk.aspects.LoginTimeAspects         : Excecution time :5
2024-12-05 10:36:33.753  INFO 8888 --- [http-nio-8091-exec-4] com.jbk.aspects.LoginTimeAspects         : Excecution time :13
2024-12-05 10:42:00.488  INFO 8888 --- [File Watcher] rtingClassPathChangeChangedEventListener : Restarting due to 1 class path change (0 additions, 0 deletions, 1 modification)
2024-12-05 10:42:00.498  INFO 8888 --- [Thread-7] o.apache.catalina.core.StandardService   : Stopping service [Tomcat]
2024-12-05 10:42:00.500  INFO 8888 --- [Thread-7] o.a.c.c.C.[Tomcat].[localhost].[/]       : Destroying Spring FrameworkServlet 'dispatcherServlet'
2024-12-05 10:42:00.511  INFO 8888 --- [Thread-7] j.LocalContainerEntityManagerFactoryBean : Closing JPA EntityManagerFactory for persistence unit 'default'
2024-12-05 10:42:00.513  INFO 8888 --- [Thread-7] com.zaxxer.hikari.HikariDataSource       : HikariPool-2 - Shutdown initiated...
2024-12-05 10:42:00.535  INFO 8888 --- [Thread-7] com.zaxxer.hikari.HikariDataSource       : HikariPool-2 - Shutdown completed.
2024-12-05 10:42:00.851  INFO 8888 --- [restartedMain] com.jbk.CampusDriveProjectApplication    : Starting CampusDriveProjectApplication using Java 22.0.1 on DESKTOP-R376V0Q with PID 8888 (D:\Downlods\Campus_Drive_Project\target\classes started by Admin in D:\Downlods\Campus_Drive_Project)
2024-12-05 10:42:00.866  INFO 8888 --- [restartedMain] com.jbk.CampusDriveProjectApplication    : No active profile set, falling back to 1 default profile: "default"
2024-12-05 10:42:01.845  INFO 8888 --- [restartedMain] .s.d.r.c.RepositoryConfigurationDelegate : Bootstrapping Spring Data JPA repositories in DEFAULT mode.
2024-12-05 10:42:01.883  INFO 8888 --- [restartedMain] .s.d.r.c.RepositoryConfigurationDelegate : Finished Spring Data repository scanning in 36 ms. Found 0 JPA repository interfaces.
2024-12-05 10:42:02.481  INFO 8888 --- [restartedMain] o.s.b.w.embedded.tomcat.TomcatWebServer  : Tomcat initialized with port(s): 8091 (http)
2024-12-05 10:42:02.486  INFO 8888 --- [restartedMain] o.apache.catalina.core.StandardService   : Starting service [Tomcat]
2024-12-05 10:42:02.490  INFO 8888 --- [restartedMain] org.apache.catalina.core.StandardEngine  : Starting Servlet engine: [Apache Tomcat/9.0.82]
2024-12-05 10:42:02.587  INFO 8888 --- [restartedMain] o.a.c.c.C.[Tomcat].[localhost].[/]       : Initializing Spring embedded WebApplicationContext
2024-12-05 10:42:02.590  INFO 8888 --- [restartedMain] w.s.c.ServletWebServerApplicationContext : Root WebApplicationContext: initialization completed in 1701 ms
2024-12-05 10:42:02.771  INFO 8888 --- [restartedMain] o.hibernate.jpa.internal.util.LogHelper  : HHH000204: Processing PersistenceUnitInfo [name: default]
2024-12-05 10:42:02.800  INFO 8888 --- [restartedMain] com.zaxxer.hikari.HikariDataSource       : HikariPool-3 - Starting...
2024-12-05 10:42:02.872  INFO 8888 --- [restartedMain] com.zaxxer.hikari.HikariDataSource       : HikariPool-3 - Start completed.
2024-12-05 10:42:02.874  INFO 8888 --- [restartedMain] org.hibernate.dialect.Dialect            : HHH000400: Using dialect: org.hibernate.dialect.MySQL8Dialect
2024-12-05 10:42:03.519  INFO 8888 --- [restartedMain] o.h.e.t.j.p.i.JtaPlatformInitiator       : HHH000490: Using JtaPlatform implementation: [org.hibernate.engine.transaction.jta.platform.internal.NoJtaPlatform]
2024-12-05 10:42:03.520  INFO 8888 --- [restartedMain] j.LocalContainerEntityManagerFactoryBean : Initialized JPA EntityManagerFactory for persistence unit 'default'
2024-12-05 10:42:03.839  WARN 8888 --- [restartedMain] JpaBaseConfiguration$JpaWebConfiguration : spring.jpa.open-in-view is enabled by default. Therefore, database queries may be performed during view rendering. Explicitly configure spring.jpa.open-in-view to disable this warning
2024-12-05 10:42:04.579  INFO 8888 --- [restartedMain] o.s.b.d.a.OptionalLiveReloadServer       : LiveReload server is running on port 35729
2024-12-05 10:42:04.610  INFO 8888 --- [restartedMain] o.s.b.w.embedded.tomcat.TomcatWebServer  : Tomcat started on port(s): 8091 (http) with context path ''
2024-12-05 10:42:04.631  INFO 8888 --- [restartedMain] com.jbk.CampusDriveProjectApplication    : Started CampusDriveProjectApplication in 3.942 seconds (JVM running for 781.921)
2024-12-05 10:42:04.646  INFO 8888 --- [restartedMain] .ConditionEvaluationDeltaLoggingListener : Condition evaluation unchanged
2024-12-05 10:42:09.361  INFO 8888 --- [http-nio-8091-exec-2] o.a.c.c.C.[Tomcat].[localhost].[/]       : Initializing Spring DispatcherServlet 'dispatcherServlet'
2024-12-05 10:42:09.361  INFO 8888 --- [http-nio-8091-exec-2] o.s.web.servlet.DispatcherServlet        : Initializing Servlet 'dispatcherServlet'
2024-12-05 10:42:09.365  INFO 8888 --- [http-nio-8091-exec-2] o.s.web.servlet.DispatcherServlet        : Completed initialization in 3 ms
2024-12-05 10:42:09.687  INFO 8888 --- [http-nio-8091-exec-2] com.jbk.aspects.LoginTimeAspects         : Excecution time :276
2024-12-05 10:42:49.977  INFO 8888 --- [http-nio-8091-exec-3] com.jbk.aspects.LoginTimeAspects         : Excecution time :24
2024-12-05 10:43:33.841  INFO 8888 --- [http-nio-8091-exec-4] com.jbk.aspects.LoginTimeAspects         : Excecution time :27
2024-12-05 10:43:41.959  INFO 8888 --- [http-nio-8091-exec-5] com.jbk.aspects.LoginTimeAspects         : Excecution time :18
2024-12-05 10:51:09.958  INFO 8888 --- [File Watcher] rtingClassPathChangeChangedEventListener : Restarting due to 1 class path change (0 additions, 0 deletions, 1 modification)
2024-12-05 10:51:09.967  INFO 8888 --- [Thread-11] o.apache.catalina.core.StandardService   : Stopping service [Tomcat]
2024-12-05 10:51:09.969  INFO 8888 --- [Thread-11] o.a.c.c.C.[Tomcat].[localhost].[/]       : Destroying Spring FrameworkServlet 'dispatcherServlet'
2024-12-05 10:51:09.983  INFO 8888 --- [Thread-11] j.LocalContainerEntityManagerFactoryBean : Closing JPA EntityManagerFactory for persistence unit 'default'
2024-12-05 10:51:09.985  INFO 8888 --- [Thread-11] com.zaxxer.hikari.HikariDataSource       : HikariPool-3 - Shutdown initiated...
2024-12-05 10:51:10.009  INFO 8888 --- [Thread-11] com.zaxxer.hikari.HikariDataSource       : HikariPool-3 - Shutdown completed.
2024-12-05 10:51:10.228  INFO 8888 --- [restartedMain] com.jbk.CampusDriveProjectApplication    : Starting CampusDriveProjectApplication using Java 22.0.1 on DESKTOP-R376V0Q with PID 8888 (D:\Downlods\Campus_Drive_Project\target\classes started by Admin in D:\Downlods\Campus_Drive_Project)
2024-12-05 10:51:10.230  INFO 8888 --- [restartedMain] com.jbk.CampusDriveProjectApplication    : No active profile set, falling back to 1 default profile: "default"
2024-12-05 10:51:10.928  INFO 8888 --- [restartedMain] .s.d.r.c.RepositoryConfigurationDelegate : Bootstrapping Spring Data JPA repositories in DEFAULT mode.
2024-12-05 10:51:10.960  INFO 8888 --- [restartedMain] .s.d.r.c.RepositoryConfigurationDelegate : Finished Spring Data repository scanning in 30 ms. Found 0 JPA repository interfaces.
2024-12-05 10:51:11.287  INFO 8888 --- [restartedMain] o.s.b.w.embedded.tomcat.TomcatWebServer  : Tomcat initialized with port(s): 8091 (http)
2024-12-05 10:51:11.292  INFO 8888 --- [restartedMain] o.apache.catalina.core.StandardService   : Starting service [Tomcat]
2024-12-05 10:51:11.293  INFO 8888 --- [restartedMain] org.apache.catalina.core.StandardEngine  : Starting Servlet engine: [Apache Tomcat/9.0.82]
2024-12-05 10:51:11.371  INFO 8888 --- [restartedMain] o.a.c.c.C.[Tomcat].[localhost].[/]       : Initializing Spring embedded WebApplicationContext
2024-12-05 10:51:11.372  INFO 8888 --- [restartedMain] w.s.c.ServletWebServerApplicationContext : Root WebApplicationContext: initialization completed in 1131 ms
2024-12-05 10:51:11.566  INFO 8888 --- [restartedMain] o.hibernate.jpa.internal.util.LogHelper  : HHH000204: Processing PersistenceUnitInfo [name: default]
2024-12-05 10:51:11.593  INFO 8888 --- [restartedMain] com.zaxxer.hikari.HikariDataSource       : HikariPool-4 - Starting...
2024-12-05 10:51:11.682  INFO 8888 --- [restartedMain] com.zaxxer.hikari.HikariDataSource       : HikariPool-4 - Start completed.
2024-12-05 10:51:11.683  INFO 8888 --- [restartedMain] org.hibernate.dialect.Dialect            : HHH000400: Using dialect: org.hibernate.dialect.MySQL8Dialect
2024-12-05 10:51:12.273  INFO 8888 --- [restartedMain] o.h.e.t.j.p.i.JtaPlatformInitiator       : HHH000490: Using JtaPlatform implementation: [org.hibernate.engine.transaction.jta.platform.internal.NoJtaPlatform]
2024-12-05 10:51:12.274  INFO 8888 --- [restartedMain] j.LocalContainerEntityManagerFactoryBean : Initialized JPA EntityManagerFactory for persistence unit 'default'
2024-12-05 10:51:12.544  WARN 8888 --- [restartedMain] JpaBaseConfiguration$JpaWebConfiguration : spring.jpa.open-in-view is enabled by default. Therefore, database queries may be performed during view rendering. Explicitly configure spring.jpa.open-in-view to disable this warning
2024-12-05 10:51:13.057  INFO 8888 --- [restartedMain] o.s.b.d.a.OptionalLiveReloadServer       : LiveReload server is running on port 35729
2024-12-05 10:51:13.087  INFO 8888 --- [restartedMain] o.s.b.w.embedded.tomcat.TomcatWebServer  : Tomcat started on port(s): 8091 (http) with context path ''
2024-12-05 10:51:13.097  INFO 8888 --- [restartedMain] com.jbk.CampusDriveProjectApplication    : Started CampusDriveProjectApplication in 2.955 seconds (JVM running for 1330.387)
2024-12-05 10:51:13.105  INFO 8888 --- [restartedMain] .ConditionEvaluationDeltaLoggingListener : Condition evaluation unchanged
2024-12-05 10:58:49.746  INFO 8888 --- [File Watcher] rtingClassPathChangeChangedEventListener : Restarting due to 2 class path changes (0 additions, 0 deletions, 2 modifications)
2024-12-05 10:58:49.758  INFO 8888 --- [Thread-15] o.apache.catalina.core.StandardService   : Stopping service [Tomcat]
2024-12-05 10:58:49.769  INFO 8888 --- [Thread-15] j.LocalContainerEntityManagerFactoryBean : Closing JPA EntityManagerFactory for persistence unit 'default'
2024-12-05 10:58:49.775  INFO 8888 --- [Thread-15] com.zaxxer.hikari.HikariDataSource       : HikariPool-4 - Shutdown initiated...
2024-12-05 10:58:49.794  INFO 8888 --- [Thread-15] com.zaxxer.hikari.HikariDataSource       : HikariPool-4 - Shutdown completed.
2024-12-05 10:58:50.027  INFO 8888 --- [restartedMain] com.jbk.CampusDriveProjectApplication    : Starting CampusDriveProjectApplication using Java 22.0.1 on DESKTOP-R376V0Q with PID 8888 (D:\Downlods\Campus_Drive_Project\target\classes started by Admin in D:\Downlods\Campus_Drive_Project)
2024-12-05 10:58:50.029  INFO 8888 --- [restartedMain] com.jbk.CampusDriveProjectApplication    : No active profile set, falling back to 1 default profile: "default"
2024-12-05 10:58:50.677  INFO 8888 --- [restartedMain] .s.d.r.c.RepositoryConfigurationDelegate : Bootstrapping Spring Data JPA repositories in DEFAULT mode.
2024-12-05 10:58:50.711  INFO 8888 --- [restartedMain] .s.d.r.c.RepositoryConfigurationDelegate : Finished Spring Data repository scanning in 32 ms. Found 0 JPA repository interfaces.
2024-12-05 10:58:51.224  INFO 8888 --- [restartedMain] o.s.b.w.embedded.tomcat.TomcatWebServer  : Tomcat initialized with port(s): 8091 (http)
2024-12-05 10:58:51.230  INFO 8888 --- [restartedMain] o.apache.catalina.core.StandardService   : Starting service [Tomcat]
2024-12-05 10:58:51.232  INFO 8888 --- [restartedMain] org.apache.catalina.core.StandardEngine  : Starting Servlet engine: [Apache Tomcat/9.0.82]
2024-12-05 10:58:51.374  INFO 8888 --- [restartedMain] o.a.c.c.C.[Tomcat].[localhost].[/]       : Initializing Spring embedded WebApplicationContext
2024-12-05 10:58:51.374  INFO 8888 --- [restartedMain] w.s.c.ServletWebServerApplicationContext : Root WebApplicationContext: initialization completed in 1328 ms
2024-12-05 10:58:51.938  INFO 8888 --- [restartedMain] o.hibernate.jpa.internal.util.LogHelper  : HHH000204: Processing PersistenceUnitInfo [name: default]
2024-12-05 10:58:51.962  INFO 8888 --- [restartedMain] com.zaxxer.hikari.HikariDataSource       : HikariPool-5 - Starting...
2024-12-05 10:58:52.017  INFO 8888 --- [restartedMain] com.zaxxer.hikari.HikariDataSource       : HikariPool-5 - Start completed.
2024-12-05 10:58:52.018  INFO 8888 --- [restartedMain] org.hibernate.dialect.Dialect            : HHH000400: Using dialect: org.hibernate.dialect.MySQL8Dialect
2024-12-05 10:58:52.535  INFO 8888 --- [restartedMain] o.h.e.t.j.p.i.JtaPlatformInitiator       : HHH000490: Using JtaPlatform implementation: [org.hibernate.engine.transaction.jta.platform.internal.NoJtaPlatform]
2024-12-05 10:58:52.536  INFO 8888 --- [restartedMain] j.LocalContainerEntityManagerFactoryBean : Initialized JPA EntityManagerFactory for persistence unit 'default'
2024-12-05 10:58:52.787  WARN 8888 --- [restartedMain] JpaBaseConfiguration$JpaWebConfiguration : spring.jpa.open-in-view is enabled by default. Therefore, database queries may be performed during view rendering. Explicitly configure spring.jpa.open-in-view to disable this warning
2024-12-05 10:58:53.279  INFO 8888 --- [restartedMain] o.s.b.d.a.OptionalLiveReloadServer       : LiveReload server is running on port 35729
2024-12-05 10:58:53.304  INFO 8888 --- [restartedMain] o.s.b.w.embedded.tomcat.TomcatWebServer  : Tomcat started on port(s): 8091 (http) with context path ''
2024-12-05 10:58:53.317  INFO 8888 --- [restartedMain] com.jbk.CampusDriveProjectApplication    : Started CampusDriveProjectApplication in 3.388 seconds (JVM running for 1790.607)
2024-12-05 10:58:53.325  INFO 8888 --- [restartedMain] .ConditionEvaluationDeltaLoggingListener : Condition evaluation unchanged
2024-12-05 10:59:28.900  INFO 8888 --- [File Watcher] rtingClassPathChangeChangedEventListener : Restarting due to 2 class path changes (0 additions, 0 deletions, 2 modifications)
2024-12-05 10:59:28.908  INFO 8888 --- [Thread-19] o.apache.catalina.core.StandardService   : Stopping service [Tomcat]
2024-12-05 10:59:28.918  INFO 8888 --- [Thread-19] j.LocalContainerEntityManagerFactoryBean : Closing JPA EntityManagerFactory for persistence unit 'default'
2024-12-05 10:59:28.919  INFO 8888 --- [Thread-19] com.zaxxer.hikari.HikariDataSource       : HikariPool-5 - Shutdown initiated...
2024-12-05 10:59:28.939  INFO 8888 --- [Thread-19] com.zaxxer.hikari.HikariDataSource       : HikariPool-5 - Shutdown completed.
2024-12-05 10:59:29.154  INFO 8888 --- [restartedMain] com.jbk.CampusDriveProjectApplication    : Starting CampusDriveProjectApplication using Java 22.0.1 on DESKTOP-R376V0Q with PID 8888 (D:\Downlods\Campus_Drive_Project\target\classes started by Admin in D:\Downlods\Campus_Drive_Project)
2024-12-05 10:59:29.155  INFO 8888 --- [restartedMain] com.jbk.CampusDriveProjectApplication    : No active profile set, falling back to 1 default profile: "default"
2024-12-05 10:59:30.053  INFO 8888 --- [restartedMain] .s.d.r.c.RepositoryConfigurationDelegate : Bootstrapping Spring Data JPA repositories in DEFAULT mode.
2024-12-05 10:59:30.088  INFO 8888 --- [restartedMain] .s.d.r.c.RepositoryConfigurationDelegate : Finished Spring Data repository scanning in 33 ms. Found 0 JPA repository interfaces.
2024-12-05 10:59:30.435  INFO 8888 --- [restartedMain] o.s.b.w.embedded.tomcat.TomcatWebServer  : Tomcat initialized with port(s): 8091 (http)
2024-12-05 10:59:30.440  INFO 8888 --- [restartedMain] o.apache.catalina.core.StandardService   : Starting service [Tomcat]
2024-12-05 10:59:30.442  INFO 8888 --- [restartedMain] org.apache.catalina.core.StandardEngine  : Starting Servlet engine: [Apache Tomcat/9.0.82]
2024-12-05 10:59:30.509  INFO 8888 --- [restartedMain] o.a.c.c.C.[Tomcat].[localhost].[/]       : Initializing Spring embedded WebApplicationContext
2024-12-05 10:59:30.513  INFO 8888 --- [restartedMain] w.s.c.ServletWebServerApplicationContext : Root WebApplicationContext: initialization completed in 1344 ms
2024-12-05 10:59:30.727  INFO 8888 --- [restartedMain] o.hibernate.jpa.internal.util.LogHelper  : HHH000204: Processing PersistenceUnitInfo [name: default]
2024-12-05 10:59:30.778  INFO 8888 --- [restartedMain] com.zaxxer.hikari.HikariDataSource       : HikariPool-6 - Starting...
2024-12-05 10:59:30.841  INFO 8888 --- [restartedMain] com.zaxxer.hikari.HikariDataSource       : HikariPool-6 - Start completed.
2024-12-05 10:59:30.845  INFO 8888 --- [restartedMain] org.hibernate.dialect.Dialect            : HHH000400: Using dialect: org.hibernate.dialect.MySQL8Dialect
2024-12-05 10:59:31.316  INFO 8888 --- [restartedMain] o.h.e.t.j.p.i.JtaPlatformInitiator       : HHH000490: Using JtaPlatform implementation: [org.hibernate.engine.transaction.jta.platform.internal.NoJtaPlatform]
2024-12-05 10:59:31.317  INFO 8888 --- [restartedMain] j.LocalContainerEntityManagerFactoryBean : Initialized JPA EntityManagerFactory for persistence unit 'default'
2024-12-05 10:59:31.708  WARN 8888 --- [restartedMain] JpaBaseConfiguration$JpaWebConfiguration : spring.jpa.open-in-view is enabled by default. Therefore, database queries may be performed during view rendering. Explicitly configure spring.jpa.open-in-view to disable this warning
2024-12-05 10:59:32.173  INFO 8888 --- [restartedMain] o.s.b.d.a.OptionalLiveReloadServer       : LiveReload server is running on port 35729
2024-12-05 10:59:32.202  INFO 8888 --- [restartedMain] o.s.b.w.embedded.tomcat.TomcatWebServer  : Tomcat started on port(s): 8091 (http) with context path ''
2024-12-05 10:59:32.215  INFO 8888 --- [restartedMain] com.jbk.CampusDriveProjectApplication    : Started CampusDriveProjectApplication in 3.151 seconds (JVM running for 1829.505)
2024-12-05 10:59:32.223  INFO 8888 --- [restartedMain] .ConditionEvaluationDeltaLoggingListener : Condition evaluation unchanged
2024-12-05 10:59:38.820  INFO 8888 --- [File Watcher] rtingClassPathChangeChangedEventListener : Restarting due to 1 class path change (0 additions, 0 deletions, 1 modification)
2024-12-05 10:59:38.830  INFO 8888 --- [Thread-23] o.apache.catalina.core.StandardService   : Stopping service [Tomcat]
2024-12-05 10:59:38.863  INFO 8888 --- [Thread-23] j.LocalContainerEntityManagerFactoryBean : Closing JPA EntityManagerFactory for persistence unit 'default'
2024-12-05 10:59:38.869  INFO 8888 --- [Thread-23] com.zaxxer.hikari.HikariDataSource       : HikariPool-6 - Shutdown initiated...
2024-12-05 10:59:38.922  INFO 8888 --- [Thread-23] com.zaxxer.hikari.HikariDataSource       : HikariPool-6 - Shutdown completed.
2024-12-05 10:59:39.262  INFO 8888 --- [restartedMain] com.jbk.CampusDriveProjectApplication    : Starting CampusDriveProjectApplication using Java 22.0.1 on DESKTOP-R376V0Q with PID 8888 (D:\Downlods\Campus_Drive_Project\target\classes started by Admin in D:\Downlods\Campus_Drive_Project)
2024-12-05 10:59:39.263  INFO 8888 --- [restartedMain] com.jbk.CampusDriveProjectApplication    : No active profile set, falling back to 1 default profile: "default"
2024-12-05 10:59:39.812  INFO 8888 --- [restartedMain] .s.d.r.c.RepositoryConfigurationDelegate : Bootstrapping Spring Data JPA repositories in DEFAULT mode.
2024-12-05 10:59:39.843  INFO 8888 --- [restartedMain] .s.d.r.c.RepositoryConfigurationDelegate : Finished Spring Data repository scanning in 29 ms. Found 0 JPA repository interfaces.
2024-12-05 10:59:40.129  INFO 8888 --- [restartedMain] o.s.b.w.embedded.tomcat.TomcatWebServer  : Tomcat initialized with port(s): 8091 (http)
2024-12-05 10:59:40.134  INFO 8888 --- [restartedMain] o.apache.catalina.core.StandardService   : Starting service [Tomcat]
2024-12-05 10:59:40.135  INFO 8888 --- [restartedMain] org.apache.catalina.core.StandardEngine  : Starting Servlet engine: [Apache Tomcat/9.0.82]
2024-12-05 10:59:40.213  INFO 8888 --- [restartedMain] o.a.c.c.C.[Tomcat].[localhost].[/]       : Initializing Spring embedded WebApplicationContext
2024-12-05 10:59:40.217  INFO 8888 --- [restartedMain] w.s.c.ServletWebServerApplicationContext : Root WebApplicationContext: initialization completed in 943 ms
2024-12-05 10:59:40.458  INFO 8888 --- [restartedMain] o.hibernate.jpa.internal.util.LogHelper  : HHH000204: Processing PersistenceUnitInfo [name: default]
2024-12-05 10:59:40.542  INFO 8888 --- [restartedMain] com.zaxxer.hikari.HikariDataSource       : HikariPool-7 - Starting...
2024-12-05 10:59:40.582  INFO 8888 --- [restartedMain] com.zaxxer.hikari.HikariDataSource       : HikariPool-7 - Start completed.
2024-12-05 10:59:40.584  INFO 8888 --- [restartedMain] org.hibernate.dialect.Dialect            : HHH000400: Using dialect: org.hibernate.dialect.MySQL8Dialect
2024-12-05 10:59:41.109  INFO 8888 --- [restartedMain] o.h.e.t.j.p.i.JtaPlatformInitiator       : HHH000490: Using JtaPlatform implementation: [org.hibernate.engine.transaction.jta.platform.internal.NoJtaPlatform]
2024-12-05 10:59:41.110  INFO 8888 --- [restartedMain] j.LocalContainerEntityManagerFactoryBean : Initialized JPA EntityManagerFactory for persistence unit 'default'
2024-12-05 10:59:41.384  WARN 8888 --- [restartedMain] JpaBaseConfiguration$JpaWebConfiguration : spring.jpa.open-in-view is enabled by default. Therefore, database queries may be performed during view rendering. Explicitly configure spring.jpa.open-in-view to disable this warning
2024-12-05 10:59:41.797  INFO 8888 --- [restartedMain] o.s.b.d.a.OptionalLiveReloadServer       : LiveReload server is running on port 35729
2024-12-05 10:59:41.823  INFO 8888 --- [restartedMain] o.s.b.w.embedded.tomcat.TomcatWebServer  : Tomcat started on port(s): 8091 (http) with context path ''
2024-12-05 10:59:41.831  INFO 8888 --- [restartedMain] com.jbk.CampusDriveProjectApplication    : Started CampusDriveProjectApplication in 2.716 seconds (JVM running for 1839.122)
2024-12-05 10:59:41.835  INFO 8888 --- [restartedMain] .ConditionEvaluationDeltaLoggingListener : Condition evaluation unchanged
2024-12-05 11:00:03.981  INFO 8888 --- [File Watcher] rtingClassPathChangeChangedEventListener : Restarting due to 2 class path changes (0 additions, 0 deletions, 2 modifications)
2024-12-05 11:00:03.991  INFO 8888 --- [Thread-27] o.apache.catalina.core.StandardService   : Stopping service [Tomcat]
2024-12-05 11:00:04.005  INFO 8888 --- [Thread-27] j.LocalContainerEntityManagerFactoryBean : Closing JPA EntityManagerFactory for persistence unit 'default'
2024-12-05 11:00:04.007  INFO 8888 --- [Thread-27] com.zaxxer.hikari.HikariDataSource       : HikariPool-7 - Shutdown initiated...
2024-12-05 11:00:04.036  INFO 8888 --- [Thread-27] com.zaxxer.hikari.HikariDataSource       : HikariPool-7 - Shutdown completed.
2024-12-05 11:00:04.454  INFO 8888 --- [restartedMain] com.jbk.CampusDriveProjectApplication    : Starting CampusDriveProjectApplication using Java 22.0.1 on DESKTOP-R376V0Q with PID 8888 (D:\Downlods\Campus_Drive_Project\target\classes started by Admin in D:\Downlods\Campus_Drive_Project)
2024-12-05 11:00:04.458  INFO 8888 --- [restartedMain] com.jbk.CampusDriveProjectApplication    : No active profile set, falling back to 1 default profile: "default"
2024-12-05 11:00:05.115  INFO 8888 --- [restartedMain] .s.d.r.c.RepositoryConfigurationDelegate : Bootstrapping Spring Data JPA repositories in DEFAULT mode.
2024-12-05 11:00:05.145  INFO 8888 --- [restartedMain] .s.d.r.c.RepositoryConfigurationDelegate : Finished Spring Data repository scanning in 28 ms. Found 0 JPA repository interfaces.
2024-12-05 11:00:05.426  INFO 8888 --- [restartedMain] o.s.b.w.embedded.tomcat.TomcatWebServer  : Tomcat initialized with port(s): 8091 (http)
2024-12-05 11:00:05.439  INFO 8888 --- [restartedMain] o.apache.catalina.core.StandardService   : Starting service [Tomcat]
2024-12-05 11:00:05.449  INFO 8888 --- [restartedMain] org.apache.catalina.core.StandardEngine  : Starting Servlet engine: [Apache Tomcat/9.0.82]
2024-12-05 11:00:05.532  INFO 8888 --- [restartedMain] o.a.c.c.C.[Tomcat].[localhost].[/]       : Initializing Spring embedded WebApplicationContext
2024-12-05 11:00:05.536  INFO 8888 --- [restartedMain] w.s.c.ServletWebServerApplicationContext : Root WebApplicationContext: initialization completed in 1072 ms
2024-12-05 11:00:06.061  INFO 8888 --- [restartedMain] o.hibernate.jpa.internal.util.LogHelper  : HHH000204: Processing PersistenceUnitInfo [name: default]
2024-12-05 11:00:06.106  INFO 8888 --- [restartedMain] com.zaxxer.hikari.HikariDataSource       : HikariPool-8 - Starting...
2024-12-05 11:00:06.158  INFO 8888 --- [restartedMain] com.zaxxer.hikari.HikariDataSource       : HikariPool-8 - Start completed.
2024-12-05 11:00:06.159  INFO 8888 --- [restartedMain] org.hibernate.dialect.Dialect            : HHH000400: Using dialect: org.hibernate.dialect.MySQL8Dialect
2024-12-05 11:00:06.452  INFO 8888 --- [restartedMain] o.h.e.t.j.p.i.JtaPlatformInitiator       : HHH000490: Using JtaPlatform implementation: [org.hibernate.engine.transaction.jta.platform.internal.NoJtaPlatform]
2024-12-05 11:00:06.453  INFO 8888 --- [restartedMain] j.LocalContainerEntityManagerFactoryBean : Initialized JPA EntityManagerFactory for persistence unit 'default'
2024-12-05 11:00:06.799  WARN 8888 --- [restartedMain] JpaBaseConfiguration$JpaWebConfiguration : spring.jpa.open-in-view is enabled by default. Therefore, database queries may be performed during view rendering. Explicitly configure spring.jpa.open-in-view to disable this warning
2024-12-05 11:00:07.681  INFO 8888 --- [restartedMain] o.s.b.d.a.OptionalLiveReloadServer       : LiveReload server is running on port 35729
2024-12-05 11:00:07.971  INFO 8888 --- [restartedMain] o.s.b.w.embedded.tomcat.TomcatWebServer  : Tomcat started on port(s): 8091 (http) with context path ''
2024-12-05 11:00:07.984  INFO 8888 --- [restartedMain] com.jbk.CampusDriveProjectApplication    : Started CampusDriveProjectApplication in 3.7 seconds (JVM running for 1865.275)
2024-12-05 11:00:07.989  INFO 8888 --- [restartedMain] .ConditionEvaluationDeltaLoggingListener : Condition evaluation unchanged
2024-12-05 11:01:43.657  INFO 8888 --- [File Watcher] rtingClassPathChangeChangedEventListener : Restarting due to 1 class path change (0 additions, 0 deletions, 1 modification)
2024-12-05 11:01:43.667  INFO 8888 --- [Thread-31] o.apache.catalina.core.StandardService   : Stopping service [Tomcat]
2024-12-05 11:01:43.678  INFO 8888 --- [Thread-31] j.LocalContainerEntityManagerFactoryBean : Closing JPA EntityManagerFactory for persistence unit 'default'
2024-12-05 11:01:43.680  INFO 8888 --- [Thread-31] com.zaxxer.hikari.HikariDataSource       : HikariPool-8 - Shutdown initiated...
2024-12-05 11:01:43.698  INFO 8888 --- [Thread-31] com.zaxxer.hikari.HikariDataSource       : HikariPool-8 - Shutdown completed.
2024-12-05 11:01:43.876  INFO 8888 --- [restartedMain] com.jbk.CampusDriveProjectApplication    : Starting CampusDriveProjectApplication using Java 22.0.1 on DESKTOP-R376V0Q with PID 8888 (D:\Downlods\Campus_Drive_Project\target\classes started by Admin in D:\Downlods\Campus_Drive_Project)
2024-12-05 11:01:43.877  INFO 8888 --- [restartedMain] com.jbk.CampusDriveProjectApplication    : No active profile set, falling back to 1 default profile: "default"
2024-12-05 11:01:44.435  INFO 8888 --- [restartedMain] .s.d.r.c.RepositoryConfigurationDelegate : Bootstrapping Spring Data JPA repositories in DEFAULT mode.
2024-12-05 11:01:44.488  INFO 8888 --- [restartedMain] .s.d.r.c.RepositoryConfigurationDelegate : Finished Spring Data repository scanning in 44 ms. Found 0 JPA repository interfaces.
2024-12-05 11:01:44.771  INFO 8888 --- [restartedMain] o.s.b.w.embedded.tomcat.TomcatWebServer  : Tomcat initialized with port(s): 8091 (http)
2024-12-05 11:01:44.773  INFO 8888 --- [restartedMain] o.apache.catalina.core.StandardService   : Starting service [Tomcat]
2024-12-05 11:01:44.774  INFO 8888 --- [restartedMain] org.apache.catalina.core.StandardEngine  : Starting Servlet engine: [Apache Tomcat/9.0.82]
2024-12-05 11:01:44.830  INFO 8888 --- [restartedMain] o.a.c.c.C.[Tomcat].[localhost].[/]       : Initializing Spring embedded WebApplicationContext
2024-12-05 11:01:44.831  INFO 8888 --- [restartedMain] w.s.c.ServletWebServerApplicationContext : Root WebApplicationContext: initialization completed in 950 ms
2024-12-05 11:01:45.074  INFO 8888 --- [restartedMain] o.hibernate.jpa.internal.util.LogHelper  : HHH000204: Processing PersistenceUnitInfo [name: default]
2024-12-05 11:01:45.096  INFO 8888 --- [restartedMain] com.zaxxer.hikari.HikariDataSource       : HikariPool-9 - Starting...
2024-12-05 11:01:45.144  INFO 8888 --- [restartedMain] com.zaxxer.hikari.HikariDataSource       : HikariPool-9 - Start completed.
2024-12-05 11:01:45.146  INFO 8888 --- [restartedMain] org.hibernate.dialect.Dialect            : HHH000400: Using dialect: org.hibernate.dialect.MySQL8Dialect
2024-12-05 11:01:45.385  INFO 8888 --- [restartedMain] o.h.e.t.j.p.i.JtaPlatformInitiator       : HHH000490: Using JtaPlatform implementation: [org.hibernate.engine.transaction.jta.platform.internal.NoJtaPlatform]
2024-12-05 11:01:45.386  INFO 8888 --- [restartedMain] j.LocalContainerEntityManagerFactoryBean : Initialized JPA EntityManagerFactory for persistence unit 'default'
2024-12-05 11:01:45.796  WARN 8888 --- [restartedMain] JpaBaseConfiguration$JpaWebConfiguration : spring.jpa.open-in-view is enabled by default. Therefore, database queries may be performed during view rendering. Explicitly configure spring.jpa.open-in-view to disable this warning
2024-12-05 11:01:46.280  INFO 8888 --- [restartedMain] o.s.b.d.a.OptionalLiveReloadServer       : LiveReload server is running on port 35729
2024-12-05 11:01:46.330  INFO 8888 --- [restartedMain] o.s.b.w.embedded.tomcat.TomcatWebServer  : Tomcat started on port(s): 8091 (http) with context path ''
2024-12-05 11:01:46.345  INFO 8888 --- [restartedMain] com.jbk.CampusDriveProjectApplication    : Started CampusDriveProjectApplication in 2.518 seconds (JVM running for 1963.635)
2024-12-05 11:01:46.354  INFO 8888 --- [restartedMain] .ConditionEvaluationDeltaLoggingListener : Condition evaluation unchanged
2024-12-05 11:03:22.147  INFO 8888 --- [File Watcher] rtingClassPathChangeChangedEventListener : Restarting due to 1 class path change (0 additions, 0 deletions, 1 modification)
2024-12-05 11:03:22.155  INFO 8888 --- [Thread-35] o.apache.catalina.core.StandardService   : Stopping service [Tomcat]
2024-12-05 11:03:22.165  INFO 8888 --- [Thread-35] j.LocalContainerEntityManagerFactoryBean : Closing JPA EntityManagerFactory for persistence unit 'default'
2024-12-05 11:03:22.166  INFO 8888 --- [Thread-35] com.zaxxer.hikari.HikariDataSource       : HikariPool-9 - Shutdown initiated...
2024-12-05 11:03:22.181  INFO 8888 --- [Thread-35] com.zaxxer.hikari.HikariDataSource       : HikariPool-9 - Shutdown completed.
2024-12-05 11:03:22.375  INFO 8888 --- [restartedMain] com.jbk.CampusDriveProjectApplication    : Starting CampusDriveProjectApplication using Java 22.0.1 on DESKTOP-R376V0Q with PID 8888 (D:\Downlods\Campus_Drive_Project\target\classes started by Admin in D:\Downlods\Campus_Drive_Project)
2024-12-05 11:03:22.376  INFO 8888 --- [restartedMain] com.jbk.CampusDriveProjectApplication    : No active profile set, falling back to 1 default profile: "default"
2024-12-05 11:03:22.826  INFO 8888 --- [restartedMain] .s.d.r.c.RepositoryConfigurationDelegate : Bootstrapping Spring Data JPA repositories in DEFAULT mode.
2024-12-05 11:03:22.850  INFO 8888 --- [restartedMain] .s.d.r.c.RepositoryConfigurationDelegate : Finished Spring Data repository scanning in 23 ms. Found 0 JPA repository interfaces.
2024-12-05 11:03:23.138  INFO 8888 --- [restartedMain] o.s.b.w.embedded.tomcat.TomcatWebServer  : Tomcat initialized with port(s): 8091 (http)
2024-12-05 11:03:23.148  INFO 8888 --- [restartedMain] o.apache.catalina.core.StandardService   : Starting service [Tomcat]
2024-12-05 11:03:23.149  INFO 8888 --- [restartedMain] org.apache.catalina.core.StandardEngine  : Starting Servlet engine: [Apache Tomcat/9.0.82]
2024-12-05 11:03:23.205  INFO 8888 --- [restartedMain] o.a.c.c.C.[Tomcat].[localhost].[/]       : Initializing Spring embedded WebApplicationContext
2024-12-05 11:03:23.206  INFO 8888 --- [restartedMain] w.s.c.ServletWebServerApplicationContext : Root WebApplicationContext: initialization completed in 824 ms
2024-12-05 11:03:23.321  INFO 8888 --- [restartedMain] o.hibernate.jpa.internal.util.LogHelper  : HHH000204: Processing PersistenceUnitInfo [name: default]
2024-12-05 11:03:23.330  INFO 8888 --- [restartedMain] com.zaxxer.hikari.HikariDataSource       : HikariPool-10 - Starting...
2024-12-05 11:03:23.363  INFO 8888 --- [restartedMain] com.zaxxer.hikari.HikariDataSource       : HikariPool-10 - Start completed.
2024-12-05 11:03:23.365  INFO 8888 --- [restartedMain] org.hibernate.dialect.Dialect            : HHH000400: Using dialect: org.hibernate.dialect.MySQL8Dialect
2024-12-05 11:03:23.669  INFO 8888 --- [restartedMain] o.h.e.t.j.p.i.JtaPlatformInitiator       : HHH000490: Using JtaPlatform implementation: [org.hibernate.engine.transaction.jta.platform.internal.NoJtaPlatform]
2024-12-05 11:03:23.671  INFO 8888 --- [restartedMain] j.LocalContainerEntityManagerFactoryBean : Initialized JPA EntityManagerFactory for persistence unit 'default'
2024-12-05 11:03:23.896  WARN 8888 --- [restartedMain] JpaBaseConfiguration$JpaWebConfiguration : spring.jpa.open-in-view is enabled by default. Therefore, database queries may be performed during view rendering. Explicitly configure spring.jpa.open-in-view to disable this warning
2024-12-05 11:03:24.199  INFO 8888 --- [restartedMain] o.s.b.d.a.OptionalLiveReloadServer       : LiveReload server is running on port 35729
2024-12-05 11:03:24.221  INFO 8888 --- [restartedMain] o.s.b.w.embedded.tomcat.TomcatWebServer  : Tomcat started on port(s): 8091 (http) with context path ''
2024-12-05 11:03:24.228  INFO 8888 --- [restartedMain] com.jbk.CampusDriveProjectApplication    : Started CampusDriveProjectApplication in 1.905 seconds (JVM running for 2061.518)
2024-12-05 11:03:24.232  INFO 8888 --- [restartedMain] .ConditionEvaluationDeltaLoggingListener : Condition evaluation unchanged
2024-12-05 11:04:35.979  INFO 8888 --- [File Watcher] rtingClassPathChangeChangedEventListener : Restarting due to 1 class path change (0 additions, 0 deletions, 1 modification)
2024-12-05 11:04:35.986  INFO 8888 --- [Thread-39] o.apache.catalina.core.StandardService   : Stopping service [Tomcat]
2024-12-05 11:04:35.994  INFO 8888 --- [Thread-39] j.LocalContainerEntityManagerFactoryBean : Closing JPA EntityManagerFactory for persistence unit 'default'
2024-12-05 11:04:35.998  INFO 8888 --- [Thread-39] com.zaxxer.hikari.HikariDataSource       : HikariPool-10 - Shutdown initiated...
2024-12-05 11:04:36.015  INFO 8888 --- [Thread-39] com.zaxxer.hikari.HikariDataSource       : HikariPool-10 - Shutdown completed.
2024-12-05 11:04:36.203  INFO 8888 --- [restartedMain] com.jbk.CampusDriveProjectApplication    : Starting CampusDriveProjectApplication using Java 22.0.1 on DESKTOP-R376V0Q with PID 8888 (D:\Downlods\Campus_Drive_Project\target\classes started by Admin in D:\Downlods\Campus_Drive_Project)
2024-12-05 11:04:36.204  INFO 8888 --- [restartedMain] com.jbk.CampusDriveProjectApplication    : No active profile set, falling back to 1 default profile: "default"
2024-12-05 11:04:36.651  INFO 8888 --- [restartedMain] .s.d.r.c.RepositoryConfigurationDelegate : Bootstrapping Spring Data JPA repositories in DEFAULT mode.
2024-12-05 11:04:36.673  INFO 8888 --- [restartedMain] .s.d.r.c.RepositoryConfigurationDelegate : Finished Spring Data repository scanning in 21 ms. Found 0 JPA repository interfaces.
2024-12-05 11:04:36.928  INFO 8888 --- [restartedMain] o.s.b.w.embedded.tomcat.TomcatWebServer  : Tomcat initialized with port(s): 8091 (http)
2024-12-05 11:04:36.933  INFO 8888 --- [restartedMain] o.apache.catalina.core.StandardService   : Starting service [Tomcat]
2024-12-05 11:04:36.934  INFO 8888 --- [restartedMain] org.apache.catalina.core.StandardEngine  : Starting Servlet engine: [Apache Tomcat/9.0.82]
2024-12-05 11:04:36.980  INFO 8888 --- [restartedMain] o.a.c.c.C.[Tomcat].[localhost].[/]       : Initializing Spring embedded WebApplicationContext
2024-12-05 11:04:36.980  INFO 8888 --- [restartedMain] w.s.c.ServletWebServerApplicationContext : Root WebApplicationContext: initialization completed in 771 ms
2024-12-05 11:04:37.090  INFO 8888 --- [restartedMain] o.hibernate.jpa.internal.util.LogHelper  : HHH000204: Processing PersistenceUnitInfo [name: default]
2024-12-05 11:04:37.101  INFO 8888 --- [restartedMain] com.zaxxer.hikari.HikariDataSource       : HikariPool-11 - Starting...
2024-12-05 11:04:37.134  INFO 8888 --- [restartedMain] com.zaxxer.hikari.HikariDataSource       : HikariPool-11 - Start completed.
2024-12-05 11:04:37.135  INFO 8888 --- [restartedMain] org.hibernate.dialect.Dialect            : HHH000400: Using dialect: org.hibernate.dialect.MySQL8Dialect
2024-12-05 11:04:37.432  INFO 8888 --- [restartedMain] o.h.e.t.j.p.i.JtaPlatformInitiator       : HHH000490: Using JtaPlatform implementation: [org.hibernate.engine.transaction.jta.platform.internal.NoJtaPlatform]
2024-12-05 11:04:37.435  INFO 8888 --- [restartedMain] j.LocalContainerEntityManagerFactoryBean : Initialized JPA EntityManagerFactory for persistence unit 'default'
2024-12-05 11:04:37.716  WARN 8888 --- [restartedMain] JpaBaseConfiguration$JpaWebConfiguration : spring.jpa.open-in-view is enabled by default. Therefore, database queries may be performed during view rendering. Explicitly configure spring.jpa.open-in-view to disable this warning
2024-12-05 11:04:38.117  INFO 8888 --- [restartedMain] o.s.b.d.a.OptionalLiveReloadServer       : LiveReload server is running on port 35729
2024-12-05 11:04:38.136  INFO 8888 --- [restartedMain] o.s.b.w.embedded.tomcat.TomcatWebServer  : Tomcat started on port(s): 8091 (http) with context path ''
2024-12-05 11:04:38.141  INFO 8888 --- [restartedMain] com.jbk.CampusDriveProjectApplication    : Started CampusDriveProjectApplication in 1.996 seconds (JVM running for 2135.432)
2024-12-05 11:04:38.145  INFO 8888 --- [restartedMain] .ConditionEvaluationDeltaLoggingListener : Condition evaluation unchanged
2024-12-05 11:04:58.187  INFO 8888 --- [File Watcher] rtingClassPathChangeChangedEventListener : Restarting due to 1 class path change (0 additions, 0 deletions, 1 modification)
2024-12-05 11:04:58.194  INFO 8888 --- [Thread-43] o.apache.catalina.core.StandardService   : Stopping service [Tomcat]
2024-12-05 11:04:58.203  INFO 8888 --- [Thread-43] j.LocalContainerEntityManagerFactoryBean : Closing JPA EntityManagerFactory for persistence unit 'default'
2024-12-05 11:04:58.204  INFO 8888 --- [Thread-43] com.zaxxer.hikari.HikariDataSource       : HikariPool-11 - Shutdown initiated...
2024-12-05 11:04:58.222  INFO 8888 --- [Thread-43] com.zaxxer.hikari.HikariDataSource       : HikariPool-11 - Shutdown completed.
2024-12-05 11:04:58.414  INFO 8888 --- [restartedMain] com.jbk.CampusDriveProjectApplication    : Starting CampusDriveProjectApplication using Java 22.0.1 on DESKTOP-R376V0Q with PID 8888 (D:\Downlods\Campus_Drive_Project\target\classes started by Admin in D:\Downlods\Campus_Drive_Project)
2024-12-05 11:04:58.415  INFO 8888 --- [restartedMain] com.jbk.CampusDriveProjectApplication    : No active profile set, falling back to 1 default profile: "default"
2024-12-05 11:04:58.943  INFO 8888 --- [restartedMain] .s.d.r.c.RepositoryConfigurationDelegate : Bootstrapping Spring Data JPA repositories in DEFAULT mode.
2024-12-05 11:04:58.966  INFO 8888 --- [restartedMain] .s.d.r.c.RepositoryConfigurationDelegate : Finished Spring Data repository scanning in 22 ms. Found 0 JPA repository interfaces.
2024-12-05 11:04:59.379  INFO 8888 --- [restartedMain] o.s.b.w.embedded.tomcat.TomcatWebServer  : Tomcat initialized with port(s): 8091 (http)
2024-12-05 11:04:59.382  INFO 8888 --- [restartedMain] o.apache.catalina.core.StandardService   : Starting service [Tomcat]
2024-12-05 11:04:59.384  INFO 8888 --- [restartedMain] org.apache.catalina.core.StandardEngine  : Starting Servlet engine: [Apache Tomcat/9.0.82]
2024-12-05 11:04:59.447  INFO 8888 --- [restartedMain] o.a.c.c.C.[Tomcat].[localhost].[/]       : Initializing Spring embedded WebApplicationContext
2024-12-05 11:04:59.448  INFO 8888 --- [restartedMain] w.s.c.ServletWebServerApplicationContext : Root WebApplicationContext: initialization completed in 1028 ms
2024-12-05 11:04:59.575  INFO 8888 --- [restartedMain] o.hibernate.jpa.internal.util.LogHelper  : HHH000204: Processing PersistenceUnitInfo [name: default]
2024-12-05 11:04:59.597  INFO 8888 --- [restartedMain] com.zaxxer.hikari.HikariDataSource       : HikariPool-12 - Starting...
2024-12-05 11:04:59.645  INFO 8888 --- [restartedMain] com.zaxxer.hikari.HikariDataSource       : HikariPool-12 - Start completed.
2024-12-05 11:04:59.646  INFO 8888 --- [restartedMain] org.hibernate.dialect.Dialect            : HHH000400: Using dialect: org.hibernate.dialect.MySQL8Dialect
2024-12-05 11:04:59.951  INFO 8888 --- [restartedMain] o.h.e.t.j.p.i.JtaPlatformInitiator       : HHH000490: Using JtaPlatform implementation: [org.hibernate.engine.transaction.jta.platform.internal.NoJtaPlatform]
2024-12-05 11:04:59.952  INFO 8888 --- [restartedMain] j.LocalContainerEntityManagerFactoryBean : Initialized JPA EntityManagerFactory for persistence unit 'default'
2024-12-05 11:05:00.256  WARN 8888 --- [restartedMain] JpaBaseConfiguration$JpaWebConfiguration : spring.jpa.open-in-view is enabled by default. Therefore, database queries may be performed during view rendering. Explicitly configure spring.jpa.open-in-view to disable this warning
2024-12-05 11:05:00.602  INFO 8888 --- [restartedMain] o.s.b.d.a.OptionalLiveReloadServer       : LiveReload server is running on port 35729
2024-12-05 11:05:00.634  INFO 8888 --- [restartedMain] o.s.b.w.embedded.tomcat.TomcatWebServer  : Tomcat started on port(s): 8091 (http) with context path ''
2024-12-05 11:05:00.639  INFO 8888 --- [restartedMain] com.jbk.CampusDriveProjectApplication    : Started CampusDriveProjectApplication in 2.279 seconds (JVM running for 2157.929)
2024-12-05 11:05:00.646  INFO 8888 --- [restartedMain] .ConditionEvaluationDeltaLoggingListener : Condition evaluation unchanged
2024-12-05 11:05:49.640  INFO 8888 --- [File Watcher] rtingClassPathChangeChangedEventListener : Restarting due to 1 class path change (0 additions, 0 deletions, 1 modification)
2024-12-05 11:05:49.648  INFO 8888 --- [Thread-47] o.apache.catalina.core.StandardService   : Stopping service [Tomcat]
2024-12-05 11:05:49.657  INFO 8888 --- [Thread-47] j.LocalContainerEntityManagerFactoryBean : Closing JPA EntityManagerFactory for persistence unit 'default'
2024-12-05 11:05:49.658  INFO 8888 --- [Thread-47] com.zaxxer.hikari.HikariDataSource       : HikariPool-12 - Shutdown initiated...
2024-12-05 11:05:49.673  INFO 8888 --- [Thread-47] com.zaxxer.hikari.HikariDataSource       : HikariPool-12 - Shutdown completed.
2024-12-05 11:05:49.884  INFO 8888 --- [restartedMain] com.jbk.CampusDriveProjectApplication    : Starting CampusDriveProjectApplication using Java 22.0.1 on DESKTOP-R376V0Q with PID 8888 (D:\Downlods\Campus_Drive_Project\target\classes started by Admin in D:\Downlods\Campus_Drive_Project)
2024-12-05 11:05:49.885  INFO 8888 --- [restartedMain] com.jbk.CampusDriveProjectApplication    : No active profile set, falling back to 1 default profile: "default"
2024-12-05 11:05:50.276  INFO 8888 --- [restartedMain] .s.d.r.c.RepositoryConfigurationDelegate : Bootstrapping Spring Data JPA repositories in DEFAULT mode.
2024-12-05 11:05:50.305  INFO 8888 --- [restartedMain] .s.d.r.c.RepositoryConfigurationDelegate : Finished Spring Data repository scanning in 28 ms. Found 0 JPA repository interfaces.
2024-12-05 11:05:50.491  INFO 8888 --- [restartedMain] o.s.b.w.embedded.tomcat.TomcatWebServer  : Tomcat initialized with port(s): 8091 (http)
2024-12-05 11:05:50.493  INFO 8888 --- [restartedMain] o.apache.catalina.core.StandardService   : Starting service [Tomcat]
2024-12-05 11:05:50.493  INFO 8888 --- [restartedMain] org.apache.catalina.core.StandardEngine  : Starting Servlet engine: [Apache Tomcat/9.0.82]
2024-12-05 11:05:50.534  INFO 8888 --- [restartedMain] o.a.c.c.C.[Tomcat].[localhost].[/]       : Initializing Spring embedded WebApplicationContext
2024-12-05 11:05:50.534  INFO 8888 --- [restartedMain] w.s.c.ServletWebServerApplicationContext : Root WebApplicationContext: initialization completed in 644 ms
2024-12-05 11:05:50.631  INFO 8888 --- [restartedMain] o.hibernate.jpa.internal.util.LogHelper  : HHH000204: Processing PersistenceUnitInfo [name: default]
2024-12-05 11:05:50.646  INFO 8888 --- [restartedMain] com.zaxxer.hikari.HikariDataSource       : HikariPool-13 - Starting...
2024-12-05 11:05:50.680  INFO 8888 --- [restartedMain] com.zaxxer.hikari.HikariDataSource       : HikariPool-13 - Start completed.
2024-12-05 11:05:50.681  INFO 8888 --- [restartedMain] org.hibernate.dialect.Dialect            : HHH000400: Using dialect: org.hibernate.dialect.MySQL8Dialect
2024-12-05 11:05:50.982  INFO 8888 --- [restartedMain] o.h.e.t.j.p.i.JtaPlatformInitiator       : HHH000490: Using JtaPlatform implementation: [org.hibernate.engine.transaction.jta.platform.internal.NoJtaPlatform]
2024-12-05 11:05:50.983  INFO 8888 --- [restartedMain] j.LocalContainerEntityManagerFactoryBean : Initialized JPA EntityManagerFactory for persistence unit 'default'
2024-12-05 11:05:51.223  WARN 8888 --- [restartedMain] JpaBaseConfiguration$JpaWebConfiguration : spring.jpa.open-in-view is enabled by default. Therefore, database queries may be performed during view rendering. Explicitly configure spring.jpa.open-in-view to disable this warning
2024-12-05 11:05:51.524  INFO 8888 --- [restartedMain] o.s.b.d.a.OptionalLiveReloadServer       : LiveReload server is running on port 35729
2024-12-05 11:05:51.543  INFO 8888 --- [restartedMain] o.s.b.w.embedded.tomcat.TomcatWebServer  : Tomcat started on port(s): 8091 (http) with context path ''
2024-12-05 11:05:51.549  INFO 8888 --- [restartedMain] com.jbk.CampusDriveProjectApplication    : Started CampusDriveProjectApplication in 1.723 seconds (JVM running for 2208.839)
2024-12-05 11:05:51.552  INFO 8888 --- [restartedMain] .ConditionEvaluationDeltaLoggingListener : Condition evaluation unchanged
2024-12-05 11:08:05.331  INFO 8888 --- [File Watcher] rtingClassPathChangeChangedEventListener : Restarting due to 1 class path change (0 additions, 0 deletions, 1 modification)
2024-12-05 11:08:05.340  INFO 8888 --- [Thread-51] o.apache.catalina.core.StandardService   : Stopping service [Tomcat]
2024-12-05 11:08:05.351  INFO 8888 --- [Thread-51] j.LocalContainerEntityManagerFactoryBean : Closing JPA EntityManagerFactory for persistence unit 'default'
2024-12-05 11:08:05.352  INFO 8888 --- [Thread-51] com.zaxxer.hikari.HikariDataSource       : HikariPool-13 - Shutdown initiated...
2024-12-05 11:08:05.383  INFO 8888 --- [Thread-51] com.zaxxer.hikari.HikariDataSource       : HikariPool-13 - Shutdown completed.
2024-12-05 11:08:05.636  INFO 8888 --- [restartedMain] com.jbk.CampusDriveProjectApplication    : Starting CampusDriveProjectApplication using Java 22.0.1 on DESKTOP-R376V0Q with PID 8888 (D:\Downlods\Campus_Drive_Project\target\classes started by Admin in D:\Downlods\Campus_Drive_Project)
2024-12-05 11:08:05.637  INFO 8888 --- [restartedMain] com.jbk.CampusDriveProjectApplication    : No active profile set, falling back to 1 default profile: "default"
2024-12-05 11:08:06.110  INFO 8888 --- [restartedMain] .s.d.r.c.RepositoryConfigurationDelegate : Bootstrapping Spring Data JPA repositories in DEFAULT mode.
2024-12-05 11:08:06.138  INFO 8888 --- [restartedMain] .s.d.r.c.RepositoryConfigurationDelegate : Finished Spring Data repository scanning in 27 ms. Found 0 JPA repository interfaces.
2024-12-05 11:08:06.415  INFO 8888 --- [restartedMain] o.s.b.w.embedded.tomcat.TomcatWebServer  : Tomcat initialized with port(s): 8091 (http)
2024-12-05 11:08:06.418  INFO 8888 --- [restartedMain] o.apache.catalina.core.StandardService   : Starting service [Tomcat]
2024-12-05 11:08:06.419  INFO 8888 --- [restartedMain] org.apache.catalina.core.StandardEngine  : Starting Servlet engine: [Apache Tomcat/9.0.82]
2024-12-05 11:08:06.491  INFO 8888 --- [restartedMain] o.a.c.c.C.[Tomcat].[localhost].[/]       : Initializing Spring embedded WebApplicationContext
2024-12-05 11:08:06.492  INFO 8888 --- [restartedMain] w.s.c.ServletWebServerApplicationContext : Root WebApplicationContext: initialization completed in 849 ms
2024-12-05 11:08:06.612  INFO 8888 --- [restartedMain] o.hibernate.jpa.internal.util.LogHelper  : HHH000204: Processing PersistenceUnitInfo [name: default]
2024-12-05 11:08:06.633  INFO 8888 --- [restartedMain] com.zaxxer.hikari.HikariDataSource       : HikariPool-14 - Starting...
2024-12-05 11:08:06.666  INFO 8888 --- [restartedMain] com.zaxxer.hikari.HikariDataSource       : HikariPool-14 - Start completed.
2024-12-05 11:08:06.667  INFO 8888 --- [restartedMain] org.hibernate.dialect.Dialect            : HHH000400: Using dialect: org.hibernate.dialect.MySQL8Dialect
2024-12-05 11:08:06.836  INFO 8888 --- [restartedMain] o.h.e.t.j.p.i.JtaPlatformInitiator       : HHH000490: Using JtaPlatform implementation: [org.hibernate.engine.transaction.jta.platform.internal.NoJtaPlatform]
2024-12-05 11:08:06.838  INFO 8888 --- [restartedMain] j.LocalContainerEntityManagerFactoryBean : Initialized JPA EntityManagerFactory for persistence unit 'default'
2024-12-05 11:08:07.280  WARN 8888 --- [restartedMain] JpaBaseConfiguration$JpaWebConfiguration : spring.jpa.open-in-view is enabled by default. Therefore, database queries may be performed during view rendering. Explicitly configure spring.jpa.open-in-view to disable this warning
2024-12-05 11:08:07.874  INFO 8888 --- [restartedMain] o.s.b.d.a.OptionalLiveReloadServer       : LiveReload server is running on port 35729
2024-12-05 11:08:07.926  INFO 8888 --- [restartedMain] o.s.b.w.embedded.tomcat.TomcatWebServer  : Tomcat started on port(s): 8091 (http) with context path ''
2024-12-05 11:08:07.934  INFO 8888 --- [restartedMain] com.jbk.CampusDriveProjectApplication    : Started CampusDriveProjectApplication in 2.394 seconds (JVM running for 2345.224)
2024-12-05 11:08:07.937  INFO 8888 --- [restartedMain] .ConditionEvaluationDeltaLoggingListener : Condition evaluation unchanged
2024-12-05 11:08:55.449  INFO 8888 --- [http-nio-8091-exec-2] o.a.c.c.C.[Tomcat].[localhost].[/]       : Initializing Spring DispatcherServlet 'dispatcherServlet'
2024-12-05 11:08:55.449  INFO 8888 --- [http-nio-8091-exec-2] o.s.web.servlet.DispatcherServlet        : Initializing Servlet 'dispatcherServlet'
2024-12-05 11:08:55.452  INFO 8888 --- [http-nio-8091-exec-2] o.s.web.servlet.DispatcherServlet        : Completed initialization in 2 ms
2024-12-05 11:08:55.468  WARN 8888 --- [http-nio-8091-exec-2] .w.s.m.s.DefaultHandlerExceptionResolver : Resolved [org.springframework.web.HttpRequestMethodNotSupportedException: Request method 'POST' not supported]
2024-12-05 11:09:12.334  INFO 8888 --- [http-nio-8091-exec-4] com.jbk.aspects.LoginTimeAspects         : Excecution time :12
2024-12-05 11:11:37.350  INFO 8888 --- [http-nio-8091-exec-3] com.jbk.aspects.LoginTimeAspects         : Excecution time :0
2024-12-05 11:14:34.570  INFO 8888 --- [File Watcher] rtingClassPathChangeChangedEventListener : Restarting due to 1 class path change (0 additions, 0 deletions, 1 modification)
2024-12-05 11:14:34.579  INFO 8888 --- [Thread-55] o.apache.catalina.core.StandardService   : Stopping service [Tomcat]
2024-12-05 11:14:34.580  INFO 8888 --- [Thread-55] o.a.c.c.C.[Tomcat].[localhost].[/]       : Destroying Spring FrameworkServlet 'dispatcherServlet'
2024-12-05 11:14:34.591  INFO 8888 --- [Thread-55] j.LocalContainerEntityManagerFactoryBean : Closing JPA EntityManagerFactory for persistence unit 'default'
2024-12-05 11:14:34.593  INFO 8888 --- [Thread-55] com.zaxxer.hikari.HikariDataSource       : HikariPool-14 - Shutdown initiated...
2024-12-05 11:14:34.608  INFO 8888 --- [Thread-55] com.zaxxer.hikari.HikariDataSource       : HikariPool-14 - Shutdown completed.
2024-12-05 11:14:34.820  INFO 8888 --- [restartedMain] com.jbk.CampusDriveProjectApplication    : Starting CampusDriveProjectApplication using Java 22.0.1 on DESKTOP-R376V0Q with PID 8888 (D:\Downlods\Campus_Drive_Project\target\classes started by Admin in D:\Downlods\Campus_Drive_Project)
2024-12-05 11:14:34.821  INFO 8888 --- [restartedMain] com.jbk.CampusDriveProjectApplication    : No active profile set, falling back to 1 default profile: "default"
2024-12-05 11:14:35.328  INFO 8888 --- [restartedMain] .s.d.r.c.RepositoryConfigurationDelegate : Bootstrapping Spring Data JPA repositories in DEFAULT mode.
2024-12-05 11:14:35.354  INFO 8888 --- [restartedMain] .s.d.r.c.RepositoryConfigurationDelegate : Finished Spring Data repository scanning in 24 ms. Found 0 JPA repository interfaces.
2024-12-05 11:14:35.675  INFO 8888 --- [restartedMain] o.s.b.w.embedded.tomcat.TomcatWebServer  : Tomcat initialized with port(s): 8091 (http)
2024-12-05 11:14:35.694  INFO 8888 --- [restartedMain] o.apache.catalina.core.StandardService   : Starting service [Tomcat]
2024-12-05 11:14:35.694  INFO 8888 --- [restartedMain] org.apache.catalina.core.StandardEngine  : Starting Servlet engine: [Apache Tomcat/9.0.82]
2024-12-05 11:14:35.762  INFO 8888 --- [restartedMain] o.a.c.c.C.[Tomcat].[localhost].[/]       : Initializing Spring embedded WebApplicationContext
2024-12-05 11:14:35.762  INFO 8888 --- [restartedMain] w.s.c.ServletWebServerApplicationContext : Root WebApplicationContext: initialization completed in 933 ms
2024-12-05 11:14:35.931  INFO 8888 --- [restartedMain] o.hibernate.jpa.internal.util.LogHelper  : HHH000204: Processing PersistenceUnitInfo [name: default]
2024-12-05 11:14:35.945  INFO 8888 --- [restartedMain] com.zaxxer.hikari.HikariDataSource       : HikariPool-15 - Starting...
2024-12-05 11:14:36.028  INFO 8888 --- [restartedMain] com.zaxxer.hikari.HikariDataSource       : HikariPool-15 - Start completed.
2024-12-05 11:14:36.030  INFO 8888 --- [restartedMain] org.hibernate.dialect.Dialect            : HHH000400: Using dialect: org.hibernate.dialect.MySQL8Dialect
2024-12-05 11:14:36.652  INFO 8888 --- [restartedMain] o.h.e.t.j.p.i.JtaPlatformInitiator       : HHH000490: Using JtaPlatform implementation: [org.hibernate.engine.transaction.jta.platform.internal.NoJtaPlatform]
2024-12-05 11:14:36.654  INFO 8888 --- [restartedMain] j.LocalContainerEntityManagerFactoryBean : Initialized JPA EntityManagerFactory for persistence unit 'default'
2024-12-05 11:14:36.932  WARN 8888 --- [restartedMain] JpaBaseConfiguration$JpaWebConfiguration : spring.jpa.open-in-view is enabled by default. Therefore, database queries may be performed during view rendering. Explicitly configure spring.jpa.open-in-view to disable this warning
2024-12-05 11:14:37.355  INFO 8888 --- [restartedMain] o.s.b.d.a.OptionalLiveReloadServer       : LiveReload server is running on port 35729
2024-12-05 11:14:37.375  INFO 8888 --- [restartedMain] o.s.b.w.embedded.tomcat.TomcatWebServer  : Tomcat started on port(s): 8091 (http) with context path ''
2024-12-05 11:14:37.384  INFO 8888 --- [restartedMain] com.jbk.CampusDriveProjectApplication    : Started CampusDriveProjectApplication in 2.617 seconds (JVM running for 2734.674)
2024-12-05 11:14:37.386  INFO 8888 --- [restartedMain] .ConditionEvaluationDeltaLoggingListener : Condition evaluation unchanged
2024-12-05 11:14:41.959  INFO 8888 --- [http-nio-8091-exec-1] o.a.c.c.C.[Tomcat].[localhost].[/]       : Initializing Spring DispatcherServlet 'dispatcherServlet'
2024-12-05 11:14:41.959  INFO 8888 --- [http-nio-8091-exec-1] o.s.web.servlet.DispatcherServlet        : Initializing Servlet 'dispatcherServlet'
2024-12-05 11:14:41.961  INFO 8888 --- [http-nio-8091-exec-1] o.s.web.servlet.DispatcherServlet        : Completed initialization in 1 ms
2024-12-05 11:14:42.032  INFO 8888 --- [http-nio-8091-exec-1] com.jbk.aspects.LoginTimeAspects         : Excecution time :34
2024-12-05 11:17:42.252  INFO 8888 --- [http-nio-8091-exec-5] com.jbk.aspects.LoginTimeAspects         : Excecution time :11
